{
  "stats": {
    "suites": 1,
    "tests": 4,
    "passes": 4,
    "pending": 0,
    "failures": 0,
    "start": "2021-12-01T00:43:23.170Z",
    "end": "2021-12-01T00:44:43.711Z",
    "duration": 80541,
    "testsRegistered": 4,
    "passPercent": 100,
    "pendingPercent": 0,
    "other": 0,
    "hasOther": false,
    "skipped": 0,
    "hasSkipped": false
  },
  "results": [
    {
      "uuid": "4f8b6f8a-c879-413a-86b7-2a0962b474f3",
      "title": "",
      "fullFile": "cypress/integration/register-client.spec.js",
      "file": "cypress/integration/register-client.spec.js",
      "beforeHooks": [],
      "afterHooks": [],
      "tests": [],
      "suites": [
        {
          "uuid": "f6dc9357-6aaf-4e71-99c1-2f3b02ebf20c",
          "title": "Register customer on the website",
          "fullFile": "",
          "file": "",
          "beforeHooks": [],
          "afterHooks": [],
          "tests": [
            {
              "title": "Registration successfully: When entering the data correctly, then the account data must be displayed.",
              "fullTitle": "Register customer on the website Registration successfully: When entering the data correctly, then the account data must be displayed.",
              "timedOut": null,
              "duration": 25278,
              "state": "passed",
              "speed": "slow",
              "pass": true,
              "fail": false,
              "pending": false,
              "context": null,
              "code": "cy.toCreateAccount();\ncy.fillFields();\ncy.checkAccountData();",
              "err": {},
              "uuid": "87962aab-827d-418f-bfd3-fea5282a3a6b",
              "parentUUID": "f6dc9357-6aaf-4e71-99c1-2f3b02ebf20c",
              "isHook": false,
              "skipped": false
            },
            {
              "title": "Email already registered: When entering an email already registered, then an message stating that the email has already been registered",
              "fullTitle": "Register customer on the website Email already registered: When entering an email already registered, then an message stating that the email has already been registered",
              "timedOut": null,
              "duration": 25795,
              "state": "passed",
              "speed": "slow",
              "pass": true,
              "fail": false,
              "pending": false,
              "context": null,
              "code": "cy.toCreateAccount();\ncy.fillFields();\ncy.checkAccountData();\ncy.get('.logout').click();\ncy.get('@email').then(email => {\n  cy.get('input#email_create').should('be.visible').type(email);\n  cy.get('i.icon-user.left').click();\n});\ncy.get('#create_account_error li').should('have.text', 'An account using this email address has already been registered. Please enter a valid password or request a new one. ');",
              "err": {},
              "uuid": "8bb0cb49-2260-46e0-a9a2-1966df268bc2",
              "parentUUID": "f6dc9357-6aaf-4e71-99c1-2f3b02ebf20c",
              "isHook": false,
              "skipped": false
            },
            {
              "title": "Missing mandatory data: When submitting the registration without the mandatory data, then an informational message requesting the required data must  be displayed.",
              "fullTitle": "Register customer on the website Missing mandatory data: When submitting the registration without the mandatory data, then an informational message requesting the required data must  be displayed.",
              "timedOut": null,
              "duration": 13333,
              "state": "passed",
              "speed": "slow",
              "pass": true,
              "fail": false,
              "pending": false,
              "context": null,
              "code": "cy.toCreateAccount();\ncy.get('button#submitAccount').click();\ncy.get('.alert.alert-danger ol li').should('be.visible');\ncy.get('.alert.alert-danger ol li').should('have.length', 8);",
              "err": {},
              "uuid": "54ae4917-616a-4c6c-bb33-48f4342bab0a",
              "parentUUID": "f6dc9357-6aaf-4e71-99c1-2f3b02ebf20c",
              "isHook": false,
              "skipped": false
            },
            {
              "title": "Missing email: When submitting the registration without the field email, then an informational message requesting the email must be displayed.",
              "fullTitle": "Register customer on the website Missing email: When submitting the registration without the field email, then an informational message requesting the email must be displayed.",
              "timedOut": null,
              "duration": 6403,
              "state": "passed",
              "speed": "medium",
              "pass": true,
              "fail": false,
              "pending": false,
              "context": null,
              "code": "cy.get('#page a.login').click();\ncy.get('i.icon-user.left').click();\ncy.get('#create_account_error li').should('have.text', 'Invalid email address.');\ncy.get('#create-account_form h3').should('have.text', 'Create an account');",
              "err": {},
              "uuid": "408f68d4-5367-4bf7-867e-468eec99bcc4",
              "parentUUID": "f6dc9357-6aaf-4e71-99c1-2f3b02ebf20c",
              "isHook": false,
              "skipped": false
            }
          ],
          "suites": [],
          "passes": [
            "87962aab-827d-418f-bfd3-fea5282a3a6b",
            "8bb0cb49-2260-46e0-a9a2-1966df268bc2",
            "54ae4917-616a-4c6c-bb33-48f4342bab0a",
            "408f68d4-5367-4bf7-867e-468eec99bcc4"
          ],
          "failures": [],
          "pending": [],
          "skipped": [],
          "duration": 70809,
          "root": false,
          "rootEmpty": false,
          "_timeout": 2000
        }
      ],
      "passes": [],
      "failures": [],
      "pending": [],
      "skipped": [],
      "duration": 0,
      "root": true,
      "rootEmpty": true,
      "_timeout": 2000
    }
  ],
  "meta": {
    "mocha": {
      "version": "7.0.1"
    },
    "mochawesome": {
      "options": {
        "quiet": true,
        "reportFilename": "mochawesome",
        "saveHtml": false,
        "saveJson": true,
        "consoleReporter": "spec",
        "useInlineDiffs": false,
        "code": true
      },
      "version": "6.3.1"
    },
    "marge": {
      "options": {
        "id": "default",
        "reportDir": "mochawesome-report",
        "quiet": true,
        "overwrite": false,
        "html": false,
        "json": true
      },
      "version": "5.2.0"
    }
  }
}